2024-03-15 11:40:40.928 -03:00  INF  Now listening on: http://localhost:5018
2024-03-15 11:40:41.005 -03:00  INF  Application started. Press Ctrl+C to shut down.
2024-03-15 11:40:41.006 -03:00  INF  Hosting environment: Development
2024-03-15 11:40:41.006 -03:00  INF  Content root path: C:\Pablo\varios\UserPermissionsApi.Application
2024-03-15 11:40:41.513 -03:00  INF  Request starting HTTP/1.1 GET http://localhost:5018/swagger/index.html - null null
2024-03-15 11:40:41.756 -03:00  INF  Request finished HTTP/1.1 GET http://localhost:5018/swagger/index.html - 200 null text/html;charset=utf-8 255.4217ms
2024-03-15 11:40:41.764 -03:00  INF  Request starting HTTP/1.1 GET http://localhost:5018/_framework/aspnetcore-browser-refresh.js - null null
2024-03-15 11:40:41.768 -03:00  INF  Request finished HTTP/1.1 GET http://localhost:5018/_framework/aspnetcore-browser-refresh.js - 200 13796 application/javascript; charset=utf-8 4.4008ms
2024-03-15 11:40:41.769 -03:00  INF  Request starting HTTP/1.1 GET http://localhost:5018/_vs/browserLink - null null
2024-03-15 11:40:41.810 -03:00  INF  Request finished HTTP/1.1 GET http://localhost:5018/_vs/browserLink - 200 null text/javascript; charset=UTF-8 41.5528ms
2024-03-15 11:40:41.840 -03:00  INF  Request starting HTTP/1.1 GET http://localhost:5018/swagger/v1/swagger.json - null null
2024-03-15 11:40:41.912 -03:00  INF  Request finished HTTP/1.1 GET http://localhost:5018/swagger/v1/swagger.json - 200 null application/json;charset=utf-8 72.4902ms
2024-03-15 11:40:52.389 -03:00  INF  Request starting HTTP/1.1 GET http://localhost:5018/api/Employee - null null
2024-03-15 11:40:52.401 -03:00  WRN  Failed to determine the https port for redirect.
2024-03-15 11:40:52.407 -03:00  INF  Executing endpoint 'UserPermissionsApi.Application.Controllers.EmployeeController.GetEmployees (UserPermissionsApi.Application)'
2024-03-15 11:40:52.440 -03:00  INF  Route matched with {action = "GetEmployees", controller = "Employee"}. Executing controller action with signature System.Threading.Tasks.Task`1[Microsoft.AspNetCore.Mvc.ActionResult`1[System.Collections.Generic.IEnumerable`1[UserPermissionsApi.Domain.Entities.Employee]]] GetEmployees() on controller UserPermissionsApi.Application.Controllers.EmployeeController (UserPermissionsApi.Application).
2024-03-15 11:40:52.643 -03:00  INF  Start GetEmployees
2024-03-15 14:38:42.805 -03:00  INF  Now listening on: http://localhost:5018
2024-03-15 14:38:42.982 -03:00  INF  Application started. Press Ctrl+C to shut down.
2024-03-15 14:38:42.982 -03:00  INF  Hosting environment: Development
2024-03-15 14:38:42.983 -03:00  INF  Content root path: C:\Pablo\varios\UserPermissionsApi.Application
2024-03-15 14:38:43.570 -03:00  INF  Request starting HTTP/1.1 GET http://localhost:5018/swagger/index.html - null null
2024-03-15 14:38:44.113 -03:00  INF  Request finished HTTP/1.1 GET http://localhost:5018/swagger/index.html - 200 null text/html;charset=utf-8 558.72ms
2024-03-15 14:38:44.121 -03:00  INF  Request starting HTTP/1.1 GET http://localhost:5018/_framework/aspnetcore-browser-refresh.js - null null
2024-03-15 14:38:44.121 -03:00  INF  Request starting HTTP/1.1 GET http://localhost:5018/_vs/browserLink - null null
2024-03-15 14:38:44.126 -03:00  INF  Request finished HTTP/1.1 GET http://localhost:5018/_framework/aspnetcore-browser-refresh.js - 200 13796 application/javascript; charset=utf-8 4.5779ms
2024-03-15 14:38:44.231 -03:00  INF  Request finished HTTP/1.1 GET http://localhost:5018/_vs/browserLink - 200 null text/javascript; charset=UTF-8 110.0306ms
2024-03-15 14:38:44.277 -03:00  INF  Request starting HTTP/1.1 GET http://localhost:5018/swagger/v1/swagger.json - null null
2024-03-15 14:38:44.465 -03:00  INF  Request finished HTTP/1.1 GET http://localhost:5018/swagger/v1/swagger.json - 200 null application/json;charset=utf-8 188.4212ms
2024-03-15 14:40:14.543 -03:00  INF  Request starting HTTP/1.1 GET http://localhost:5018/api/Employee - null null
2024-03-15 14:40:14.552 -03:00  WRN  Failed to determine the https port for redirect.
2024-03-15 14:40:14.558 -03:00  INF  Executing endpoint 'UserPermissionsApi.Presentation.Controllers.EmployeeController.GetEmployees (UserPermissionsApi.Presentation)'
2024-03-15 14:40:15.150 -03:00  INF  Route matched with {action = "GetEmployees", controller = "Employee"}. Executing controller action with signature System.Threading.Tasks.Task`1[Microsoft.AspNetCore.Mvc.ActionResult`1[System.Collections.Generic.IEnumerable`1[UserPermissionsApi.Domain.Entities.Employee]]] GetEmployees() on controller UserPermissionsApi.Presentation.Controllers.EmployeeController (UserPermissionsApi.Presentation).
2024-03-15 14:40:15.163 -03:00  INF  Executed action UserPermissionsApi.Presentation.Controllers.EmployeeController.GetEmployees (UserPermissionsApi.Presentation) in 7.438ms
2024-03-15 14:40:15.165 -03:00  INF  Executed endpoint 'UserPermissionsApi.Presentation.Controllers.EmployeeController.GetEmployees (UserPermissionsApi.Presentation)'
2024-03-15 14:40:15.167 -03:00  ERR  An unhandled exception has occurred while executing the request.System.InvalidOperationException: Unable to resolve service for type 'UserPermissionApi.Application.Interfaces.IEmployeeService' while attempting to activate 'UserPermissionsApi.Presentation.Controllers.EmployeeController'.
   at Microsoft.Extensions.DependencyInjection.ActivatorUtilities.ThrowHelperUnableToResolveService(Type type, Type requiredBy)
   at lambda_method9(Closure, IServiceProvider, Object[])
   at Microsoft.AspNetCore.Mvc.Controllers.ControllerFactoryProvider.<>c__DisplayClass6_0.<CreateControllerFactory>g__CreateController|0(ControllerContext controllerContext)
   at Microsoft.AspNetCore.Mvc.Infrastructure.ControllerActionInvoker.Next(State& next, Scope& scope, Object& state, Boolean& isCompleted)
   at Microsoft.AspNetCore.Mvc.Infrastructure.ControllerActionInvoker.InvokeInnerFilterAsync()
--- End of stack trace from previous location ---
   at Microsoft.AspNetCore.Mvc.Infrastructure.ResourceInvoker.<InvokeFilterPipelineAsync>g__Awaited|20_0(ResourceInvoker invoker, Task lastTask, State next, Scope scope, Object state, Boolean isCompleted)
   at Microsoft.AspNetCore.Mvc.Infrastructure.ResourceInvoker.<InvokeAsync>g__Logged|17_1(ResourceInvoker invoker)
   at Microsoft.AspNetCore.Mvc.Infrastructure.ResourceInvoker.<InvokeAsync>g__Logged|17_1(ResourceInvoker invoker)
   at Microsoft.AspNetCore.Routing.EndpointMiddleware.<Invoke>g__AwaitRequestTask|7_0(Endpoint endpoint, Task requestTask, ILogger logger)
   at Microsoft.AspNetCore.Authorization.AuthorizationMiddleware.Invoke(HttpContext context)
   at Swashbuckle.AspNetCore.SwaggerUI.SwaggerUIMiddleware.Invoke(HttpContext httpContext)
   at Swashbuckle.AspNetCore.Swagger.SwaggerMiddleware.Invoke(HttpContext httpContext, ISwaggerProvider swaggerProvider)
   at Microsoft.AspNetCore.Diagnostics.DeveloperExceptionPageMiddlewareImpl.Invoke(HttpContext context)

2024-03-15 14:40:15.190 -03:00  INF  Request finished HTTP/1.1 GET http://localhost:5018/api/Employee - 500 null text/plain; charset=utf-8 646.9815ms
2024-03-15 14:41:43.387 -03:00  INF  Now listening on: http://localhost:5018
2024-03-15 14:41:43.466 -03:00  INF  Application started. Press Ctrl+C to shut down.
2024-03-15 14:41:43.467 -03:00  INF  Hosting environment: Development
2024-03-15 14:41:43.467 -03:00  INF  Content root path: C:\Pablo\varios\UserPermissionsApi.Application
2024-03-15 14:41:44.232 -03:00  INF  Request starting HTTP/1.1 GET http://localhost:5018/swagger/index.html - null null
2024-03-15 14:41:44.505 -03:00  INF  Request finished HTTP/1.1 GET http://localhost:5018/swagger/index.html - 200 null text/html;charset=utf-8 278.5159ms
2024-03-15 14:41:44.515 -03:00  INF  Request starting HTTP/1.1 GET http://localhost:5018/_framework/aspnetcore-browser-refresh.js - null null
2024-03-15 14:41:44.517 -03:00  INF  Request starting HTTP/1.1 GET http://localhost:5018/_vs/browserLink - null null
2024-03-15 14:41:44.522 -03:00  INF  Request finished HTTP/1.1 GET http://localhost:5018/_framework/aspnetcore-browser-refresh.js - 200 13796 application/javascript; charset=utf-8 7.2759ms
2024-03-15 14:41:44.574 -03:00  INF  Request finished HTTP/1.1 GET http://localhost:5018/_vs/browserLink - 200 null text/javascript; charset=UTF-8 57.2121ms
2024-03-15 14:41:44.614 -03:00  INF  Request starting HTTP/1.1 GET http://localhost:5018/swagger/v1/swagger.json - null null
2024-03-15 14:41:44.705 -03:00  INF  Request finished HTTP/1.1 GET http://localhost:5018/swagger/v1/swagger.json - 200 null application/json;charset=utf-8 91.6605ms
2024-03-15 14:41:47.527 -03:00  INF  Request starting HTTP/1.1 GET http://localhost:5018/api/Employee - null null
2024-03-15 14:41:47.532 -03:00  WRN  Failed to determine the https port for redirect.
2024-03-15 14:41:47.536 -03:00  INF  Executing endpoint 'UserPermissionsApi.Presentation.Controllers.EmployeeController.GetEmployees (UserPermissionsApi.Presentation)'
2024-03-15 14:41:47.554 -03:00  INF  Route matched with {action = "GetEmployees", controller = "Employee"}. Executing controller action with signature System.Threading.Tasks.Task`1[Microsoft.AspNetCore.Mvc.ActionResult`1[System.Collections.Generic.IEnumerable`1[UserPermissionsApi.Domain.Entities.Employee]]] GetEmployees() on controller UserPermissionsApi.Presentation.Controllers.EmployeeController (UserPermissionsApi.Presentation).
2024-03-15 14:41:47.759 -03:00  INF  Start GetEmployees
2024-03-15 14:41:52.482 -03:00  INF  Executed DbCommand (66ms) [Parameters=[], CommandType='"Text"', CommandTimeout='30']
SELECT [e].[EmployeeId], [e].[Email], [e].[FirstName], [e].[LastName], [e0].[EmployeePermissionId], [e0].[EmployeeId], [e0].[PermissionTypeId]
FROM [Employees] AS [e]
LEFT JOIN [EmployeePermissions] AS [e0] ON [e].[EmployeeId] = [e0].[EmployeeId]
ORDER BY [e].[EmployeeId]
2024-03-15 14:41:54.520 -03:00  INF  finish GetEmployees
2024-03-15 14:41:55.069 -03:00  INF  Executing OkObjectResult, writing value of type 'System.Collections.Generic.List`1[[UserPermissionsApi.Domain.Entities.Employee, UserPermissionsApi.Domain, Version=1.0.0.0, Culture=neutral, PublicKeyToken=null]]'.
2024-03-15 14:41:55.086 -03:00  INF  Executed action UserPermissionsApi.Presentation.Controllers.EmployeeController.GetEmployees (UserPermissionsApi.Presentation) in 7526.2043ms
2024-03-15 14:41:55.087 -03:00  INF  Executed endpoint 'UserPermissionsApi.Presentation.Controllers.EmployeeController.GetEmployees (UserPermissionsApi.Presentation)'
2024-03-15 14:41:55.100 -03:00  INF  Request finished HTTP/1.1 GET http://localhost:5018/api/Employee - 200 null application/json; charset=utf-8 7572.8661ms
2024-03-15 15:16:22.970 -03:00  INF  Now listening on: http://localhost:5018
2024-03-15 15:16:23.064 -03:00  INF  Application started. Press Ctrl+C to shut down.
2024-03-15 15:16:23.065 -03:00  INF  Hosting environment: Development
2024-03-15 15:16:23.065 -03:00  INF  Content root path: C:\Pablo\varios\UserPermissionsApi.Application
2024-03-15 15:16:24.046 -03:00  INF  Request starting HTTP/1.1 GET http://localhost:5018/swagger/index.html - null null
2024-03-15 15:16:24.389 -03:00  INF  Request finished HTTP/1.1 GET http://localhost:5018/swagger/index.html - 200 null text/html;charset=utf-8 364.0747ms
2024-03-15 15:16:24.401 -03:00  INF  Request starting HTTP/1.1 GET http://localhost:5018/_framework/aspnetcore-browser-refresh.js - null null
2024-03-15 15:16:24.404 -03:00  INF  Request starting HTTP/1.1 GET http://localhost:5018/_vs/browserLink - null null
2024-03-15 15:16:24.406 -03:00  INF  Request finished HTTP/1.1 GET http://localhost:5018/_framework/aspnetcore-browser-refresh.js - 200 13796 application/javascript; charset=utf-8 5.9859ms
2024-03-15 15:16:24.465 -03:00  INF  Request finished HTTP/1.1 GET http://localhost:5018/_vs/browserLink - 200 null text/javascript; charset=UTF-8 60.5349ms
2024-03-15 15:16:24.518 -03:00  INF  Request starting HTTP/1.1 GET http://localhost:5018/swagger/v1/swagger.json - null null
2024-03-15 15:16:24.685 -03:00  INF  Request finished HTTP/1.1 GET http://localhost:5018/swagger/v1/swagger.json - 200 null application/json;charset=utf-8 166.547ms
2024-03-15 15:16:30.782 -03:00  INF  Request starting HTTP/1.1 GET http://localhost:5018/api/Employee - null null
2024-03-15 15:16:30.789 -03:00  WRN  Failed to determine the https port for redirect.
2024-03-15 15:16:30.792 -03:00  INF  Executing endpoint 'UserPermissionsApi.Presentation.Controllers.EmployeeController.GetEmployees (UserPermissionsApi.Presentation)'
2024-03-15 15:16:30.817 -03:00  INF  Route matched with {action = "GetEmployees", controller = "Employee"}. Executing controller action with signature System.Threading.Tasks.Task`1[Microsoft.AspNetCore.Mvc.ActionResult`1[System.Collections.Generic.IEnumerable`1[UserPermissionsApi.Domain.Entities.Employee]]] GetEmployees() on controller UserPermissionsApi.Presentation.Controllers.EmployeeController (UserPermissionsApi.Presentation).
2024-03-15 15:16:48.295 -03:00  INF  Start GetEmployees
2024-03-15 15:16:50.465 -03:00  INF  Executed DbCommand (46ms) [Parameters=[], CommandType='"Text"', CommandTimeout='30']
SELECT [e].[EmployeeId], [e].[Email], [e].[FirstName], [e].[LastName], [e0].[EmployeePermissionId], [e0].[EmployeeId], [e0].[PermissionTypeId]
FROM [Employees] AS [e]
LEFT JOIN [EmployeePermissions] AS [e0] ON [e].[EmployeeId] = [e0].[EmployeeId]
ORDER BY [e].[EmployeeId]
2024-03-15 15:17:00.904 -03:00  INF  finish GetEmployees
2024-03-15 15:17:03.439 -03:00  INF  Executing OkObjectResult, writing value of type 'System.Collections.Generic.List`1[[UserPermissionsApi.Domain.Entities.Employee, UserPermissionsApi.Domain, Version=1.0.0.0, Culture=neutral, PublicKeyToken=null]]'.
2024-03-15 15:17:05.072 -03:00  INF  Executed action UserPermissionsApi.Presentation.Controllers.EmployeeController.GetEmployees (UserPermissionsApi.Presentation) in 34249.5588ms
2024-03-15 15:17:05.073 -03:00  INF  Executed endpoint 'UserPermissionsApi.Presentation.Controllers.EmployeeController.GetEmployees (UserPermissionsApi.Presentation)'
2024-03-15 15:17:05.091 -03:00  INF  Request finished HTTP/1.1 GET http://localhost:5018/api/Employee - 200 null application/json; charset=utf-8 34308.3156ms
2024-03-15 15:35:21.904 -03:00  INF  Now listening on: http://localhost:5018
2024-03-15 15:35:21.980 -03:00  INF  Application started. Press Ctrl+C to shut down.
2024-03-15 15:35:21.980 -03:00  INF  Hosting environment: Development
2024-03-15 15:35:21.980 -03:00  INF  Content root path: C:\Pablo\varios\UserPermissionsApi.Application
2024-03-15 15:35:22.643 -03:00  INF  Request starting HTTP/1.1 GET http://localhost:5018/swagger/index.html - null null
2024-03-15 15:35:22.859 -03:00  INF  Request finished HTTP/1.1 GET http://localhost:5018/swagger/index.html - 200 null text/html;charset=utf-8 234.2043ms
2024-03-15 15:35:22.869 -03:00  INF  Request starting HTTP/1.1 GET http://localhost:5018/_vs/browserLink - null null
2024-03-15 15:35:22.869 -03:00  INF  Request starting HTTP/1.1 GET http://localhost:5018/_framework/aspnetcore-browser-refresh.js - null null
2024-03-15 15:35:22.875 -03:00  INF  Request finished HTTP/1.1 GET http://localhost:5018/_framework/aspnetcore-browser-refresh.js - 200 13796 application/javascript; charset=utf-8 7.4194ms
2024-03-15 15:35:22.929 -03:00  INF  Request finished HTTP/1.1 GET http://localhost:5018/_vs/browserLink - 200 null text/javascript; charset=UTF-8 60.8197ms
2024-03-15 15:35:22.993 -03:00  INF  Request starting HTTP/1.1 GET http://localhost:5018/swagger/v1/swagger.json - null null
2024-03-15 15:35:23.106 -03:00  INF  Request finished HTTP/1.1 GET http://localhost:5018/swagger/v1/swagger.json - 200 null application/json;charset=utf-8 112.3452ms
2024-03-15 15:35:27.814 -03:00  INF  Request starting HTTP/1.1 GET http://localhost:5018/api/Employee - null null
2024-03-15 15:35:27.821 -03:00  WRN  Failed to determine the https port for redirect.
2024-03-15 15:35:27.825 -03:00  INF  Executing endpoint 'UserPermissionsApi.Presentation.Controllers.EmployeeController.GetEmployees (UserPermissionsApi.Presentation)'
2024-03-15 15:35:27.851 -03:00  INF  Route matched with {action = "GetEmployees", controller = "Employee"}. Executing controller action with signature System.Threading.Tasks.Task`1[Microsoft.AspNetCore.Mvc.ActionResult`1[System.Collections.Generic.IEnumerable`1[UserPermissionsApi.Domain.Entities.Employee]]] GetEmployees() on controller UserPermissionsApi.Presentation.Controllers.EmployeeController (UserPermissionsApi.Presentation).
2024-03-15 15:35:40.034 -03:00  INF  Start GetEmployees
2024-03-15 15:35:42.668 -03:00  INF  Executed DbCommand (51ms) [Parameters=[], CommandType='"Text"', CommandTimeout='30']
SELECT [e].[EmployeeId], [e].[Email], [e].[FirstName], [e].[LastName], [e0].[EmployeePermissionId], [e0].[EmployeeId], [e0].[PermissionTypeId]
FROM [Employees] AS [e]
LEFT JOIN [EmployeePermissions] AS [e0] ON [e].[EmployeeId] = [e0].[EmployeeId]
ORDER BY [e].[EmployeeId]
2024-03-15 15:37:10.542 -03:00  INF  finish GetEmployees
2024-03-15 15:37:12.972 -03:00  INF  Executing OkObjectResult, writing value of type 'System.Collections.Generic.List`1[[UserPermissionsApi.Domain.Entities.Employee, UserPermissionsApi.Domain, Version=1.0.0.0, Culture=neutral, PublicKeyToken=null]]'.
2024-03-15 15:37:12.980 -03:00  INF  Executed action UserPermissionsApi.Presentation.Controllers.EmployeeController.GetEmployees (UserPermissionsApi.Presentation) in 105125.1551ms
2024-03-15 15:37:12.981 -03:00  INF  Executed endpoint 'UserPermissionsApi.Presentation.Controllers.EmployeeController.GetEmployees (UserPermissionsApi.Presentation)'
2024-03-15 15:37:12.989 -03:00  INF  Request finished HTTP/1.1 GET http://localhost:5018/api/Employee - 200 null application/json; charset=utf-8 105174.1149ms
2024-03-15 16:33:47.825 -03:00  INF  Now listening on: http://localhost:5018
2024-03-15 16:33:47.916 -03:00  INF  Application started. Press Ctrl+C to shut down.
2024-03-15 16:33:47.920 -03:00  INF  Hosting environment: Development
2024-03-15 16:33:47.923 -03:00  INF  Content root path: C:\Pablo\varios\UserPermissionsApi.Application
2024-03-15 16:33:48.393 -03:00  INF  Request starting HTTP/1.1 GET http://localhost:5018/swagger/index.html - null null
2024-03-15 16:33:48.613 -03:00  INF  Request finished HTTP/1.1 GET http://localhost:5018/swagger/index.html - 200 null text/html;charset=utf-8 236.9473ms
2024-03-15 16:33:48.620 -03:00  INF  Request starting HTTP/1.1 GET http://localhost:5018/_vs/browserLink - null null
2024-03-15 16:33:48.636 -03:00  INF  Request starting HTTP/1.1 GET http://localhost:5018/_framework/aspnetcore-browser-refresh.js - null null
2024-03-15 16:33:48.648 -03:00  INF  Request finished HTTP/1.1 GET http://localhost:5018/_framework/aspnetcore-browser-refresh.js - 200 13796 application/javascript; charset=utf-8 11.4086ms
2024-03-15 16:33:48.688 -03:00  INF  Request finished HTTP/1.1 GET http://localhost:5018/_vs/browserLink - 200 null text/javascript; charset=UTF-8 70.61ms
2024-03-15 16:33:48.722 -03:00  INF  Request starting HTTP/1.1 GET http://localhost:5018/swagger/v1/swagger.json - null null
2024-03-15 16:33:48.813 -03:00  INF  Request finished HTTP/1.1 GET http://localhost:5018/swagger/v1/swagger.json - 200 null application/json;charset=utf-8 91.2649ms
2024-03-15 16:34:02.585 -03:00  INF  Request starting HTTP/1.1 GET http://localhost:5018/api/Employee - null null
2024-03-15 16:34:02.599 -03:00  WRN  Failed to determine the https port for redirect.
2024-03-15 16:34:02.606 -03:00  INF  Executing endpoint 'UserPermissionsApi.Presentation.Controllers.EmployeeController.GetEmployees (UserPermissionsApi.Presentation)'
2024-03-15 16:34:02.627 -03:00  INF  Route matched with {action = "GetEmployees", controller = "Employee"}. Executing controller action with signature System.Threading.Tasks.Task`1[Microsoft.AspNetCore.Mvc.ActionResult`1[System.Collections.Generic.IEnumerable`1[UserPermissionsApi.Domain.Entities.Employee]]] GetEmployees() on controller UserPermissionsApi.Presentation.Controllers.EmployeeController (UserPermissionsApi.Presentation).
2024-03-15 16:35:32.433 -03:00  INF  Start GetEmployees
2024-03-15 16:35:35.072 -03:00  INF  Executed DbCommand (52ms) [Parameters=[], CommandType='"Text"', CommandTimeout='30']
SELECT [e].[EmployeeId], [e].[Email], [e].[FirstName], [e].[LastName], [e0].[EmployeePermissionId], [e0].[EmployeeId], [e0].[PermissionTypeId]
FROM [Employees] AS [e]
LEFT JOIN [EmployeePermissions] AS [e0] ON [e].[EmployeeId] = [e0].[EmployeeId]
ORDER BY [e].[EmployeeId]
2024-03-15 16:35:49.371 -03:00  INF  finish GetEmployees
2024-03-15 16:35:52.278 -03:00  INF  Executing OkObjectResult, writing value of type 'System.Collections.Generic.List`1[[UserPermissionsApi.Domain.Entities.Employee, UserPermissionsApi.Domain, Version=1.0.0.0, Culture=neutral, PublicKeyToken=null]]'.
2024-03-15 16:35:53.532 -03:00  INF  Executed action UserPermissionsApi.Presentation.Controllers.EmployeeController.GetEmployees (UserPermissionsApi.Presentation) in 110897.4895ms
2024-03-15 16:35:53.537 -03:00  INF  Executed endpoint 'UserPermissionsApi.Presentation.Controllers.EmployeeController.GetEmployees (UserPermissionsApi.Presentation)'
2024-03-15 16:35:53.546 -03:00  INF  Request finished HTTP/1.1 GET http://localhost:5018/api/Employee - 200 null application/json; charset=utf-8 110961.4543ms
2024-03-15 17:49:13.023 -03:00  INF  Now listening on: http://localhost:5018
2024-03-15 17:49:13.242 -03:00  INF  Application started. Press Ctrl+C to shut down.
2024-03-15 17:49:13.252 -03:00  INF  Hosting environment: Development
2024-03-15 17:49:13.257 -03:00  INF  Content root path: C:\Pablo\varios\UserPermissionsApi.Application
2024-03-15 17:49:14.301 -03:00  INF  Request starting HTTP/1.1 GET http://localhost:5018/swagger/index.html - null null
2024-03-15 17:49:14.828 -03:00  INF  Request finished HTTP/1.1 GET http://localhost:5018/swagger/index.html - 200 null text/html;charset=utf-8 547.766ms
2024-03-15 17:49:14.869 -03:00  INF  Request starting HTTP/1.1 GET http://localhost:5018/_vs/browserLink - null null
2024-03-15 17:49:14.921 -03:00  INF  Request starting HTTP/1.1 GET http://localhost:5018/_framework/aspnetcore-browser-refresh.js - null null
2024-03-15 17:49:15.007 -03:00  INF  Request finished HTTP/1.1 GET http://localhost:5018/_framework/aspnetcore-browser-refresh.js - 200 13796 application/javascript; charset=utf-8 85.7138ms
2024-03-15 17:49:15.088 -03:00  INF  Request finished HTTP/1.1 GET http://localhost:5018/_vs/browserLink - 200 null text/javascript; charset=UTF-8 219.5529ms
2024-03-15 17:49:15.151 -03:00  INF  Request starting HTTP/1.1 GET http://localhost:5018/swagger/v1/swagger.json - null null
2024-03-15 17:49:15.369 -03:00  INF  Request finished HTTP/1.1 GET http://localhost:5018/swagger/v1/swagger.json - 200 null application/json;charset=utf-8 217.9025ms
2024-03-15 17:49:18.416 -03:00  INF  Request starting HTTP/1.1 GET http://localhost:5018/api/Employee - null null
2024-03-15 17:49:18.429 -03:00  WRN  Failed to determine the https port for redirect.
2024-03-15 17:49:18.436 -03:00  INF  Executing endpoint 'UserPermissionsApi.Presentation.Controllers.EmployeeController.GetEmployees (UserPermissionsApi.Presentation)'
2024-03-15 17:49:18.465 -03:00  INF  Route matched with {action = "GetEmployees", controller = "Employee"}. Executing controller action with signature System.Threading.Tasks.Task`1[Microsoft.AspNetCore.Mvc.ActionResult`1[System.Collections.Generic.IEnumerable`1[UserPermissionsApi.Domain.Entities.Employee]]] GetEmployees() on controller UserPermissionsApi.Presentation.Controllers.EmployeeController (UserPermissionsApi.Presentation).
2024-03-15 17:49:23.207 -03:00  INF  Start GetEmployees
2024-03-15 17:49:26.553 -03:00  INF  Executed DbCommand (57ms) [Parameters=[], CommandType='"Text"', CommandTimeout='30']
SELECT [e].[EmployeeId], [e].[Email], [e].[FirstName], [e].[LastName], [e0].[EmployeePermissionId], [e0].[EmployeeId], [e0].[PermissionTypeId]
FROM [Employees] AS [e]
LEFT JOIN [EmployeePermissions] AS [e0] ON [e].[EmployeeId] = [e0].[EmployeeId]
ORDER BY [e].[EmployeeId]
2024-03-15 17:49:28.444 -03:00  INF  finish GetEmployees
2024-03-15 17:49:28.461 -03:00  INF  Executing OkObjectResult, writing value of type 'System.Collections.Generic.List`1[[UserPermissionsApi.Domain.Entities.Employee, UserPermissionsApi.Domain, Version=1.0.0.0, Culture=neutral, PublicKeyToken=null]]'.
2024-03-15 17:49:28.483 -03:00  INF  Executed action UserPermissionsApi.Presentation.Controllers.EmployeeController.GetEmployees (UserPermissionsApi.Presentation) in 10006.3226ms
2024-03-15 17:49:28.490 -03:00  INF  Executed endpoint 'UserPermissionsApi.Presentation.Controllers.EmployeeController.GetEmployees (UserPermissionsApi.Presentation)'
2024-03-15 17:49:28.512 -03:00  INF  Request finished HTTP/1.1 GET http://localhost:5018/api/Employee - 200 null application/json; charset=utf-8 10095.1654ms
2024-03-15 18:01:21.871 -03:00  INF  Request starting HTTP/1.1 GET http://localhost:5018/api/Employee - null null
2024-03-15 18:01:21.881 -03:00  INF  Executing endpoint 'UserPermissionsApi.Presentation.Controllers.EmployeeController.GetEmployees (UserPermissionsApi.Presentation)'
2024-03-15 18:01:21.886 -03:00  INF  Route matched with {action = "GetEmployees", controller = "Employee"}. Executing controller action with signature System.Threading.Tasks.Task`1[Microsoft.AspNetCore.Mvc.ActionResult`1[System.Collections.Generic.IEnumerable`1[UserPermissionsApi.Domain.Entities.Employee]]] GetEmployees() on controller UserPermissionsApi.Presentation.Controllers.EmployeeController (UserPermissionsApi.Presentation).
2024-03-15 18:01:21.892 -03:00  INF  Start GetEmployees
2024-03-15 18:02:53.620 -03:00  INF  Executed DbCommand (16ms) [Parameters=[], CommandType='"Text"', CommandTimeout='30']
SELECT [e].[EmployeeId], [e].[Email], [e].[FirstName], [e].[LastName], [e0].[EmployeePermissionId], [e0].[EmployeeId], [e0].[PermissionTypeId]
FROM [Employees] AS [e]
LEFT JOIN [EmployeePermissions] AS [e0] ON [e].[EmployeeId] = [e0].[EmployeeId]
ORDER BY [e].[EmployeeId]
2024-03-15 18:02:53.647 -03:00  INF  [{"EmployeeId":1,"FirstName":"John","LastName":"Doe","Email":"john.doe@example.com","EmployeePermissions":[{"EmployeePermissionId":1,"EmployeeId":1,"PermissionTypeId":1,"PermissionType":null}]},{"EmployeeId":2,"FirstName":"Jane","LastName":"Smith","Email":"jane.smith@example.com","EmployeePermissions":[{"EmployeePermissionId":2,"EmployeeId":2,"PermissionTypeId":2,"PermissionType":null}]}]
2024-03-15 18:02:55.796 -03:00  INF  Executing OkObjectResult, writing value of type 'System.Collections.Generic.List`1[[UserPermissionsApi.Domain.Entities.Employee, UserPermissionsApi.Domain, Version=1.0.0.0, Culture=neutral, PublicKeyToken=null]]'.
2024-03-15 18:02:55.802 -03:00  INF  Executed action UserPermissionsApi.Presentation.Controllers.EmployeeController.GetEmployees (UserPermissionsApi.Presentation) in 93911.9999ms
2024-03-15 18:02:55.807 -03:00  INF  Executed endpoint 'UserPermissionsApi.Presentation.Controllers.EmployeeController.GetEmployees (UserPermissionsApi.Presentation)'
2024-03-15 18:02:55.812 -03:00  INF  Request finished HTTP/1.1 GET http://localhost:5018/api/Employee - 200 null application/json; charset=utf-8 93942.5688ms
2024-03-15 18:04:02.353 -03:00  INF  Request starting HTTP/1.1 GET http://localhost:5018/api/Employee - null null
2024-03-15 18:04:02.366 -03:00  INF  Executing endpoint 'UserPermissionsApi.Presentation.Controllers.EmployeeController.GetEmployees (UserPermissionsApi.Presentation)'
2024-03-15 18:04:02.379 -03:00  INF  Route matched with {action = "GetEmployees", controller = "Employee"}. Executing controller action with signature System.Threading.Tasks.Task`1[Microsoft.AspNetCore.Mvc.ActionResult`1[System.Collections.Generic.IEnumerable`1[UserPermissionsApi.Domain.Entities.Employee]]] GetEmployees() on controller UserPermissionsApi.Presentation.Controllers.EmployeeController (UserPermissionsApi.Presentation).
2024-03-15 18:04:05.349 -03:00  INF  Executed DbCommand (34ms) [Parameters=[], CommandType='"Text"', CommandTimeout='30']
SELECT [e].[EmployeeId], [e].[Email], [e].[FirstName], [e].[LastName], [e0].[EmployeePermissionId], [e0].[EmployeeId], [e0].[PermissionTypeId]
FROM [Employees] AS [e]
LEFT JOIN [EmployeePermissions] AS [e0] ON [e].[EmployeeId] = [e0].[EmployeeId]
ORDER BY [e].[EmployeeId]
2024-03-15 18:08:43.284 -03:00  INF  Now listening on: http://localhost:5018
2024-03-15 18:08:43.410 -03:00  INF  Application started. Press Ctrl+C to shut down.
2024-03-15 18:08:43.415 -03:00  INF  Hosting environment: Development
2024-03-15 18:08:43.419 -03:00  INF  Content root path: C:\Pablo\varios\UserPermissionsApi.Application
2024-03-15 18:08:44.323 -03:00  INF  Request starting HTTP/1.1 GET http://localhost:5018/swagger/index.html - null null
2024-03-15 18:08:44.621 -03:00  INF  Request finished HTTP/1.1 GET http://localhost:5018/swagger/index.html - 200 null text/html;charset=utf-8 299.7131ms
2024-03-15 18:08:44.649 -03:00  INF  Request starting HTTP/1.1 GET http://localhost:5018/_vs/browserLink - null null
2024-03-15 18:08:44.671 -03:00  INF  Request starting HTTP/1.1 GET http://localhost:5018/_framework/aspnetcore-browser-refresh.js - null null
2024-03-15 18:08:44.702 -03:00  INF  Request finished HTTP/1.1 GET http://localhost:5018/_framework/aspnetcore-browser-refresh.js - 200 13796 application/javascript; charset=utf-8 30.9889ms
2024-03-15 18:08:44.765 -03:00  INF  Request finished HTTP/1.1 GET http://localhost:5018/_vs/browserLink - 200 null text/javascript; charset=UTF-8 116.0988ms
2024-03-15 18:08:44.820 -03:00  INF  Request starting HTTP/1.1 GET http://localhost:5018/swagger/v1/swagger.json - null null
2024-03-15 18:08:44.992 -03:00  INF  Request finished HTTP/1.1 GET http://localhost:5018/swagger/v1/swagger.json - 200 null application/json;charset=utf-8 172.3092ms
2024-03-15 18:08:50.851 -03:00  INF  Request starting HTTP/1.1 GET http://localhost:5018/api/PermissionType - null null
2024-03-15 18:08:50.874 -03:00  WRN  Failed to determine the https port for redirect.
2024-03-15 18:08:50.885 -03:00  INF  Executing endpoint 'UserPermissionApi.Controllers.PermissionTypeController.GetAllAsync (UserPermissionsApi.Presentation)'
2024-03-15 18:08:50.919 -03:00  INF  Route matched with {action = "GetAll", controller = "PermissionType"}. Executing controller action with signature System.Threading.Tasks.Task`1[Microsoft.AspNetCore.Mvc.ActionResult`1[System.Collections.Generic.IEnumerable`1[UserPermissionsApi.Domain.Entities.PermissionType]]] GetAllAsync() on controller UserPermissionApi.Controllers.PermissionTypeController (UserPermissionsApi.Presentation).
2024-03-15 18:08:58.026 -03:00  INF  Executed action UserPermissionApi.Controllers.PermissionTypeController.GetAllAsync (UserPermissionsApi.Presentation) in 7097.2183ms
2024-03-15 18:08:58.034 -03:00  INF  Executed endpoint 'UserPermissionApi.Controllers.PermissionTypeController.GetAllAsync (UserPermissionsApi.Presentation)'
2024-03-15 18:08:58.039 -03:00  ERR  An unhandled exception has occurred while executing the request.System.NotImplementedException: The method or operation is not implemented.
   at UserPermissionsApi.Infrastructure.Repositories.PermissionTypeRepository.GetAllAsync() in C:\Pablo\varios\UserPermissionsApi.Infrastructure\Repositories\PermissionTypeRepository.cs:line 23
   at UserPermissionApi.Application.Services.PermissionTypeService.GetAllAsync() in C:\Pablo\varios\UserPermissionApi.Aplication\Services\PermissionTypeService.cs:line 19
   at UserPermissionApi.Controllers.PermissionTypeController.GetAllAsync() in C:\Pablo\varios\UserPermissionsApi.Application\Controllers\PermissionTypeController.cs:line 29
   at lambda_method9(Closure, Object)
   at Microsoft.AspNetCore.Mvc.Infrastructure.ActionMethodExecutor.AwaitableObjectResultExecutor.Execute(ActionContext actionContext, IActionResultTypeMapper mapper, ObjectMethodExecutor executor, Object controller, Object[] arguments)
   at Microsoft.AspNetCore.Mvc.Infrastructure.ControllerActionInvoker.<InvokeActionMethodAsync>g__Awaited|12_0(ControllerActionInvoker invoker, ValueTask`1 actionResultValueTask)
   at Microsoft.AspNetCore.Mvc.Infrastructure.ControllerActionInvoker.<InvokeNextActionFilterAsync>g__Awaited|10_0(ControllerActionInvoker invoker, Task lastTask, State next, Scope scope, Object state, Boolean isCompleted)
   at Microsoft.AspNetCore.Mvc.Infrastructure.ControllerActionInvoker.Rethrow(ActionExecutedContextSealed context)
   at Microsoft.AspNetCore.Mvc.Infrastructure.ControllerActionInvoker.Next(State& next, Scope& scope, Object& state, Boolean& isCompleted)
   at Microsoft.AspNetCore.Mvc.Infrastructure.ControllerActionInvoker.InvokeInnerFilterAsync()
--- End of stack trace from previous location ---
   at Microsoft.AspNetCore.Mvc.Infrastructure.ResourceInvoker.<InvokeFilterPipelineAsync>g__Awaited|20_0(ResourceInvoker invoker, Task lastTask, State next, Scope scope, Object state, Boolean isCompleted)
   at Microsoft.AspNetCore.Mvc.Infrastructure.ResourceInvoker.<InvokeAsync>g__Logged|17_1(ResourceInvoker invoker)
   at Microsoft.AspNetCore.Mvc.Infrastructure.ResourceInvoker.<InvokeAsync>g__Logged|17_1(ResourceInvoker invoker)
   at Microsoft.AspNetCore.Routing.EndpointMiddleware.<Invoke>g__AwaitRequestTask|7_0(Endpoint endpoint, Task requestTask, ILogger logger)
   at Microsoft.AspNetCore.Authorization.AuthorizationMiddleware.Invoke(HttpContext context)
   at Swashbuckle.AspNetCore.SwaggerUI.SwaggerUIMiddleware.Invoke(HttpContext httpContext)
   at Swashbuckle.AspNetCore.Swagger.SwaggerMiddleware.Invoke(HttpContext httpContext, ISwaggerProvider swaggerProvider)
   at Microsoft.AspNetCore.Diagnostics.DeveloperExceptionPageMiddlewareImpl.Invoke(HttpContext context)

2024-03-15 18:08:58.087 -03:00  INF  Request finished HTTP/1.1 GET http://localhost:5018/api/PermissionType - 500 null text/plain; charset=utf-8 7236.3759ms
2024-03-15 18:11:17.746 -03:00  INF  Now listening on: http://localhost:5018
2024-03-15 18:11:17.844 -03:00  INF  Application started. Press Ctrl+C to shut down.
2024-03-15 18:11:17.850 -03:00  INF  Hosting environment: Development
2024-03-15 18:11:17.854 -03:00  INF  Content root path: C:\Pablo\varios\UserPermissionsApi.Application
2024-03-15 18:11:19.155 -03:00  INF  Request starting HTTP/1.1 GET http://localhost:5018/swagger/index.html - null null
2024-03-15 18:11:19.351 -03:00  INF  Request finished HTTP/1.1 GET http://localhost:5018/swagger/index.html - 200 null text/html;charset=utf-8 222.1245ms
2024-03-15 18:11:19.362 -03:00  INF  Request starting HTTP/1.1 GET http://localhost:5018/_vs/browserLink - null null
2024-03-15 18:11:19.387 -03:00  INF  Request starting HTTP/1.1 GET http://localhost:5018/_framework/aspnetcore-browser-refresh.js - null null
2024-03-15 18:11:19.400 -03:00  INF  Request finished HTTP/1.1 GET http://localhost:5018/_framework/aspnetcore-browser-refresh.js - 200 13796 application/javascript; charset=utf-8 12.2586ms
2024-03-15 18:11:19.459 -03:00  INF  Request finished HTTP/1.1 GET http://localhost:5018/_vs/browserLink - 200 null text/javascript; charset=UTF-8 97.6824ms
2024-03-15 18:11:19.500 -03:00  INF  Request starting HTTP/1.1 GET http://localhost:5018/swagger/v1/swagger.json - null null
2024-03-15 18:11:19.619 -03:00  INF  Request finished HTTP/1.1 GET http://localhost:5018/swagger/v1/swagger.json - 200 null application/json;charset=utf-8 119.0315ms
2024-03-15 18:11:23.396 -03:00  INF  Request starting HTTP/1.1 GET http://localhost:5018/api/PermissionType - null null
2024-03-15 18:11:23.413 -03:00  WRN  Failed to determine the https port for redirect.
2024-03-15 18:11:23.422 -03:00  INF  Executing endpoint 'UserPermissionApi.Controllers.PermissionTypeController.GetAllAsync (UserPermissionsApi.Presentation)'
2024-03-15 18:11:23.448 -03:00  INF  Route matched with {action = "GetAll", controller = "PermissionType"}. Executing controller action with signature System.Threading.Tasks.Task`1[Microsoft.AspNetCore.Mvc.ActionResult`1[System.Collections.Generic.IEnumerable`1[UserPermissionsApi.Domain.Entities.PermissionType]]] GetAllAsync() on controller UserPermissionApi.Controllers.PermissionTypeController (UserPermissionsApi.Presentation).
2024-03-15 18:11:28.547 -03:00  INF  Executed DbCommand (69ms) [Parameters=[], CommandType='"Text"', CommandTimeout='30']
SELECT [p].[PermissionTypeId], [p].[TypeName]
FROM [PermissionTypes] AS [p]
2024-03-15 18:11:28.654 -03:00  INF  [{"PermissionTypeId":1,"TypeName":"Permiso de acceso","EmployeePermissions":null},{"PermissionTypeId":2,"TypeName":"Permiso de edici\u00F3n","EmployeePermissions":null}]
2024-03-15 18:11:31.876 -03:00  INF  Executing OkObjectResult, writing value of type 'System.Collections.Generic.List`1[[UserPermissionsApi.Domain.Entities.PermissionType, UserPermissionsApi.Domain, Version=1.0.0.0, Culture=neutral, PublicKeyToken=null]]'.
2024-03-15 18:11:31.894 -03:00  INF  Executed action UserPermissionApi.Controllers.PermissionTypeController.GetAllAsync (UserPermissionsApi.Presentation) in 8432.4783ms
2024-03-15 18:11:31.899 -03:00  INF  Executed endpoint 'UserPermissionApi.Controllers.PermissionTypeController.GetAllAsync (UserPermissionsApi.Presentation)'
2024-03-15 18:11:31.917 -03:00  INF  Request finished HTTP/1.1 GET http://localhost:5018/api/PermissionType - 200 null application/json; charset=utf-8 8521.9143ms
